2026-05-19 12:26:58,585 INFO __main__ :: device=mps bf16=False fp16=False
2026-05-19 12:26:58,765 INFO httpx :: HTTP Request: HEAD https://huggingface.co/TinyLlama/TinyLlama-1.1B-Chat-v1.0/resolve/main/config.json "HTTP/1.1 307 Temporary Redirect"
2026-05-19 12:26:58,766 WARNING huggingface_hub.utils._http :: Warning: You are sending unauthenticated requests to the HF Hub. Please set a HF_TOKEN to enable higher rate limits and faster downloads.
2026-05-19 12:26:58,780 INFO httpx :: HTTP Request: HEAD https://huggingface.co/api/resolve-cache/models/TinyLlama/TinyLlama-1.1B-Chat-v1.0/fe8a4ea1ffedaf415f4da2f062534de366a451e6/config.json "HTTP/1.1 200 OK"
2026-05-19 12:26:58,798 INFO httpx :: HTTP Request: GET https://huggingface.co/api/resolve-cache/models/TinyLlama/TinyLlama-1.1B-Chat-v1.0/fe8a4ea1ffedaf415f4da2f062534de366a451e6/config.json "HTTP/1.1 200 OK"
2026-05-19 12:26:58,922 INFO httpx :: HTTP Request: HEAD https://huggingface.co/TinyLlama/TinyLlama-1.1B-Chat-v1.0/resolve/main/tokenizer_config.json "HTTP/1.1 307 Temporary Redirect"
2026-05-19 12:26:58,939 INFO httpx :: HTTP Request: HEAD https://huggingface.co/api/resolve-cache/models/TinyLlama/TinyLlama-1.1B-Chat-v1.0/fe8a4ea1ffedaf415f4da2f062534de366a451e6/tokenizer_config.json "HTTP/1.1 200 OK"
2026-05-19 12:26:58,955 INFO httpx :: HTTP Request: GET https://huggingface.co/api/resolve-cache/models/TinyLlama/TinyLlama-1.1B-Chat-v1.0/fe8a4ea1ffedaf415f4da2f062534de366a451e6/tokenizer_config.json "HTTP/1.1 200 OK"
2026-05-19 12:26:59,078 INFO httpx :: HTTP Request: GET https://huggingface.co/api/models/TinyLlama/TinyLlama-1.1B-Chat-v1.0/tree/main/additional_chat_templates?recursive=false&expand=false "HTTP/1.1 404 Not Found"
2026-05-19 12:26:59,199 INFO httpx :: HTTP Request: GET https://huggingface.co/api/models/TinyLlama/TinyLlama-1.1B-Chat-v1.0/tree/main?recursive=true&expand=false "HTTP/1.1 200 OK"
2026-05-19 12:26:59,324 INFO httpx :: HTTP Request: HEAD https://huggingface.co/TinyLlama/TinyLlama-1.1B-Chat-v1.0/resolve/main/tokenizer.model "HTTP/1.1 302 Found"
2026-05-19 12:26:59,586 INFO httpx :: HTTP Request: GET https://huggingface.co/api/models/TinyLlama/TinyLlama-1.1B-Chat-v1.0/xet-read-token/fe8a4ea1ffedaf415f4da2f062534de366a451e6 "HTTP/1.1 200 OK"
2026-05-19 12:27:00,365 INFO httpx :: HTTP Request: HEAD https://huggingface.co/TinyLlama/TinyLlama-1.1B-Chat-v1.0/resolve/main/tokenizer.json "HTTP/1.1 307 Temporary Redirect"
2026-05-19 12:27:00,383 INFO httpx :: HTTP Request: HEAD https://huggingface.co/api/resolve-cache/models/TinyLlama/TinyLlama-1.1B-Chat-v1.0/fe8a4ea1ffedaf415f4da2f062534de366a451e6/tokenizer.json "HTTP/1.1 200 OK"
2026-05-19 12:27:00,404 INFO httpx :: HTTP Request: GET https://huggingface.co/api/resolve-cache/models/TinyLlama/TinyLlama-1.1B-Chat-v1.0/fe8a4ea1ffedaf415f4da2f062534de366a451e6/tokenizer.json "HTTP/1.1 200 OK"
2026-05-19 12:27:00,568 INFO httpx :: HTTP Request: HEAD https://huggingface.co/TinyLlama/TinyLlama-1.1B-Chat-v1.0/resolve/main/added_tokens.json "HTTP/1.1 404 Not Found"
2026-05-19 12:27:00,690 INFO httpx :: HTTP Request: HEAD https://huggingface.co/TinyLlama/TinyLlama-1.1B-Chat-v1.0/resolve/main/special_tokens_map.json "HTTP/1.1 307 Temporary Redirect"
2026-05-19 12:27:00,706 INFO httpx :: HTTP Request: HEAD https://huggingface.co/api/resolve-cache/models/TinyLlama/TinyLlama-1.1B-Chat-v1.0/fe8a4ea1ffedaf415f4da2f062534de366a451e6/special_tokens_map.json "HTTP/1.1 200 OK"
2026-05-19 12:27:00,726 INFO httpx :: HTTP Request: GET https://huggingface.co/api/resolve-cache/models/TinyLlama/TinyLlama-1.1B-Chat-v1.0/fe8a4ea1ffedaf415f4da2f062534de366a451e6/special_tokens_map.json "HTTP/1.1 200 OK"
2026-05-19 12:27:00,847 INFO httpx :: HTTP Request: HEAD https://huggingface.co/TinyLlama/TinyLlama-1.1B-Chat-v1.0/resolve/main/chat_template.jinja "HTTP/1.1 404 Not Found"
2026-05-19 12:27:00,917 INFO __main__ :: loading base model: TinyLlama/TinyLlama-1.1B-Chat-v1.0
2026-05-19 12:27:01,031 INFO httpx :: HTTP Request: HEAD https://huggingface.co/TinyLlama/TinyLlama-1.1B-Chat-v1.0/resolve/main/config.json "HTTP/1.1 307 Temporary Redirect"
2026-05-19 12:27:01,047 INFO httpx :: HTTP Request: HEAD https://huggingface.co/api/resolve-cache/models/TinyLlama/TinyLlama-1.1B-Chat-v1.0/fe8a4ea1ffedaf415f4da2f062534de366a451e6/config.json "HTTP/1.1 200 OK"
2026-05-19 12:27:01,169 INFO httpx :: HTTP Request: HEAD https://huggingface.co/TinyLlama/TinyLlama-1.1B-Chat-v1.0/resolve/main/adapter_config.json "HTTP/1.1 404 Not Found"
2026-05-19 12:27:01,306 INFO httpx :: HTTP Request: HEAD https://huggingface.co/TinyLlama/TinyLlama-1.1B-Chat-v1.0/resolve/main/config.json "HTTP/1.1 307 Temporary Redirect"
2026-05-19 12:27:01,322 INFO httpx :: HTTP Request: HEAD https://huggingface.co/api/resolve-cache/models/TinyLlama/TinyLlama-1.1B-Chat-v1.0/fe8a4ea1ffedaf415f4da2f062534de366a451e6/config.json "HTTP/1.1 200 OK"
2026-05-19 12:27:01,449 INFO httpx :: HTTP Request: HEAD https://huggingface.co/TinyLlama/TinyLlama-1.1B-Chat-v1.0/resolve/main/model.safetensors "HTTP/1.1 302 Found"
2026-05-19 12:27:56,931 INFO httpx :: HTTP Request: HEAD https://huggingface.co/TinyLlama/TinyLlama-1.1B-Chat-v1.0/resolve/main/generation_config.json "HTTP/1.1 307 Temporary Redirect"
2026-05-19 12:27:56,946 INFO httpx :: HTTP Request: HEAD https://huggingface.co/api/resolve-cache/models/TinyLlama/TinyLlama-1.1B-Chat-v1.0/fe8a4ea1ffedaf415f4da2f062534de366a451e6/generation_config.json "HTTP/1.1 200 OK"
2026-05-19 12:27:56,962 INFO httpx :: HTTP Request: GET https://huggingface.co/api/resolve-cache/models/TinyLlama/TinyLlama-1.1B-Chat-v1.0/fe8a4ea1ffedaf415f4da2f062534de366a451e6/generation_config.json "HTTP/1.1 200 OK"
2026-05-19 12:27:58,967 INFO __main__ :: loading dataset: alpaca_fr split=train subset=500
2026-05-19 12:27:59,091 INFO httpx :: HTTP Request: HEAD https://huggingface.co/datasets/jpacifico/French-Alpaca-dataset-Instruct-55K/resolve/main/README.md "HTTP/1.1 307 Temporary Redirect"
2026-05-19 12:27:59,106 INFO httpx :: HTTP Request: HEAD https://huggingface.co/api/resolve-cache/datasets/jpacifico/French-Alpaca-dataset-Instruct-55K/c13216a7a935baf62fb81efc56eed1739b222d2f/README.md "HTTP/1.1 200 OK"
2026-05-19 12:27:59,236 INFO httpx :: HTTP Request: HEAD https://huggingface.co/datasets/jpacifico/French-Alpaca-dataset-Instruct-55K/resolve/c13216a7a935baf62fb81efc56eed1739b222d2f/French-Alpaca-dataset-Instruct-55K.py "HTTP/1.1 404 Not Found"
2026-05-19 12:27:59,539 INFO httpx :: HTTP Request: HEAD https://s3.amazonaws.com/datasets.huggingface.co/datasets/datasets/jpacifico/French-Alpaca-dataset-Instruct-55K/jpacifico/French-Alpaca-dataset-Instruct-55K.py "HTTP/1.1 404 Not Found"
2026-05-19 12:27:59,730 INFO httpx :: HTTP Request: GET https://huggingface.co/api/datasets/jpacifico/French-Alpaca-dataset-Instruct-55K/revision/c13216a7a935baf62fb81efc56eed1739b222d2f "HTTP/1.1 200 OK"
2026-05-19 12:27:59,891 INFO httpx :: HTTP Request: HEAD https://huggingface.co/datasets/jpacifico/French-Alpaca-dataset-Instruct-55K/resolve/c13216a7a935baf62fb81efc56eed1739b222d2f/.huggingface.yaml "HTTP/1.1 404 Not Found"
2026-05-19 12:28:00,081 INFO httpx :: HTTP Request: GET https://datasets-server.huggingface.co/info?dataset=jpacifico/French-Alpaca-dataset-Instruct-55K "HTTP/1.1 200 OK"
2026-05-19 12:28:00,227 INFO httpx :: HTTP Request: GET https://huggingface.co/api/datasets/jpacifico/French-Alpaca-dataset-Instruct-55K/tree/c13216a7a935baf62fb81efc56eed1739b222d2f/data?recursive=true&expand=false "HTTP/1.1 404 Not Found"
2026-05-19 12:28:00,450 INFO httpx :: HTTP Request: GET https://huggingface.co/api/datasets/jpacifico/French-Alpaca-dataset-Instruct-55K/tree/c13216a7a935baf62fb81efc56eed1739b222d2f?recursive=false&expand=false "HTTP/1.1 200 OK"
2026-05-19 12:28:00,791 INFO httpx :: HTTP Request: HEAD https://huggingface.co/datasets/jpacifico/French-Alpaca-dataset-Instruct-55K/resolve/c13216a7a935baf62fb81efc56eed1739b222d2f/dataset_infos.json "HTTP/1.1 404 Not Found"
2026-05-19 12:28:01,110 INFO __main__ :: dataset size: 500 examples
2026-05-19 12:28:01,768 INFO __main__ :: starting training (max_steps=100)
2026-05-19 12:29:48,054 INFO httpx :: HTTP Request: HEAD https://huggingface.co/TinyLlama/TinyLlama-1.1B-Chat-v1.0/resolve/main/config.json "HTTP/1.1 307 Temporary Redirect"
2026-05-19 12:29:48,071 INFO httpx :: HTTP Request: HEAD https://huggingface.co/api/resolve-cache/models/TinyLlama/TinyLlama-1.1B-Chat-v1.0/fe8a4ea1ffedaf415f4da2f062534de366a451e6/config.json "HTTP/1.1 200 OK"
2026-05-19 12:29:48,188 INFO httpx :: HTTP Request: HEAD https://huggingface.co/TinyLlama/TinyLlama-1.1B-Chat-v1.0/resolve/main/config.json "HTTP/1.1 307 Temporary Redirect"
2026-05-19 12:29:48,202 INFO httpx :: HTTP Request: HEAD https://huggingface.co/api/resolve-cache/models/TinyLlama/TinyLlama-1.1B-Chat-v1.0/fe8a4ea1ffedaf415f4da2f062534de366a451e6/config.json "HTTP/1.1 200 OK"
2026-05-19 12:32:18,747 INFO httpx :: HTTP Request: HEAD https://huggingface.co/TinyLlama/TinyLlama-1.1B-Chat-v1.0/resolve/main/config.json "HTTP/1.1 307 Temporary Redirect"
2026-05-19 12:32:18,766 INFO httpx :: HTTP Request: HEAD https://huggingface.co/api/resolve-cache/models/TinyLlama/TinyLlama-1.1B-Chat-v1.0/fe8a4ea1ffedaf415f4da2f062534de366a451e6/config.json "HTTP/1.1 200 OK"
2026-05-19 12:32:18,885 INFO httpx :: HTTP Request: HEAD https://huggingface.co/TinyLlama/TinyLlama-1.1B-Chat-v1.0/resolve/main/config.json "HTTP/1.1 307 Temporary Redirect"
2026-05-19 12:32:18,899 INFO httpx :: HTTP Request: HEAD https://huggingface.co/api/resolve-cache/models/TinyLlama/TinyLlama-1.1B-Chat-v1.0/fe8a4ea1ffedaf415f4da2f062534de366a451e6/config.json "HTTP/1.1 200 OK"
2026-05-19 12:32:19,174 INFO __main__ :: train metrics: {'train_runtime': 257.2626, 'train_samples_per_second': 1.555, 'train_steps_per_second': 0.389, 'total_flos': 341754584887296.0, 'train_loss': 1.4199537563323974}
2026-05-19 12:32:19,292 INFO httpx :: HTTP Request: HEAD https://huggingface.co/TinyLlama/TinyLlama-1.1B-Chat-v1.0/resolve/main/config.json "HTTP/1.1 307 Temporary Redirect"
2026-05-19 12:32:19,307 INFO httpx :: HTTP Request: HEAD https://huggingface.co/api/resolve-cache/models/TinyLlama/TinyLlama-1.1B-Chat-v1.0/fe8a4ea1ffedaf415f4da2f062534de366a451e6/config.json "HTTP/1.1 200 OK"
2026-05-19 12:32:19,422 INFO httpx :: HTTP Request: HEAD https://huggingface.co/TinyLlama/TinyLlama-1.1B-Chat-v1.0/resolve/main/config.json "HTTP/1.1 307 Temporary Redirect"
2026-05-19 12:32:19,436 INFO httpx :: HTTP Request: HEAD https://huggingface.co/api/resolve-cache/models/TinyLlama/TinyLlama-1.1B-Chat-v1.0/fe8a4ea1ffedaf415f4da2f062534de366a451e6/config.json "HTTP/1.1 200 OK"
2026-05-19 12:32:19,503 INFO __main__ :: saved adapter to runs/tinyllama_lora_mps
